<?xml version="1.0" encoding="UTF-8"?>
<!-- Generated by org.testng.reporters.JUnitReportReporter -->
<testsuite hostname="Mohammeds-MacBook-Air.local" failures="0" tests="1" name="com.store.testcases.LoginTest" time="4.596" errors="0" timestamp="2022-03-20T14:06:07 EDT" skipped="0">
  <testcase classname="com.store.testcases.LoginTest" name="testLogin" time="4.596"/>
  <system-out/>
</testsuite> <!-- com.store.testcases.LoginTest -->
